#
# A fatal error has been detected by the Java Runtime Environment:
#
#  EXCEPTION_ACCESS_VIOLATION (0xc0000005) at pc=0x000000005a56527e, pid=41240, tid=0x000000000000a3a8
#
# JRE version: Java(TM) SE Runtime Environment (8.0_102-b01) (build 1.8.0_102-ea-b01)
# Java VM: Java HotSpot(TM) 64-Bit Server VM (25.102-b01 mixed mode windows-amd64 compressed oops)
# Problematic frame:
# V  [jvm.dll+0x14527e]
#
# Failed to write core dump. Minidumps are not enabled by default on client versions of Windows
#
# If you would like to submit a bug report, please visit:
#   http://bugreport.java.com/bugreport/crash.jsp
#

---------------  T H R E A D  ---------------

Current thread (0x000000001dfa4800):  JavaThread "Thread-6" [_thread_in_vm, id=41896, stack(0x00000000262b0000,0x00000000263b0000)]

siginfo: ExceptionCode=0xc0000005, reading address 0x0000000000000000

Registers:
RAX=0x0000000000000000, RBX=0x0000000000000000, RCX=0x0000000000000480, RDX=0x0000000000000000
RSP=0x00000000263af080, RBP=0x00000000263af240, RSI=0x000000001dfa49f8, RDI=0x000000001dfa4800
R8 =0x00000000213c11b0, R9 =0x000000000013073e, R10=0x0000000180003380, R11=0x00000000263af1c0
R12=0x0000000000000000, R13=0x000000000000000a, R14=0x00000000263af230, R15=0x000000001dfa4800
RIP=0x000000005a56527e, EFLAGS=0x0000000000010246

Top of Stack: (sp=0x00000000263af080)
0x00000000263af080:   0000000020002267 0000000180001289
0x00000000263af090:   00000000261e11d0 0000000000000000
0x00000000263af0a0:   0000000000000000 0000000000000000
0x00000000263af0b0:   0000000000000001 000000018000390d
0x00000000263af0c0:   0000000500000001 00000000263aefe0
0x00000000263af0d0:   00000001800263a0 000000001dfa4800
0x00000000263af0e0:   0000000000000000 0000000000000000
0x00000000263af0f0:   0000000000000000 0000000000000000
0x00000000263af100:   00000000263aefe0 0000000000000001
0x00000000263af110:   0000000000000000 0000000001860ce7
0x00000000263af120:   0000000000000004 0000000000000000
0x00000000263af130:   0000000000000000 00000000263af240
0x00000000263af140:   0000000000000030 00000001003fc020
0x00000000263af150:   0000000000000008 0000000180004255
0x00000000263af160:   0000000082515d68 000000000265ed34
0x00000000263af170:   00000000213c11b0 000000000013073e 

Instructions: (pc=0x000000005a56527e)
0x000000005a56525e:   00 48 83 7f 08 00 48 89 7c 24 58 48 c7 44 24 60
0x000000005a56526e:   00 00 00 00 74 0a 48 8d 4c 24 58 e8 82 14 13 00
0x000000005a56527e:   48 8b 0b e8 2a f3 f1 ff 4c 8b c7 33 d2 48 8b d8
0x000000005a56528e:   48 8b 00 48 8b cb ff 50 78 48 83 7f 08 00 74 04 


Register to memory mapping:

RAX=0x0000000000000000 is an unknown value
RBX=0x0000000000000000 is an unknown value
RCX=0x0000000000000480 is an unknown value
RDX=0x0000000000000000 is an unknown value
RSP=0x00000000263af080 is pointing into the stack for thread: 0x000000001dfa4800
RBP=0x00000000263af240 is pointing into the stack for thread: 0x000000001dfa4800
RSI=0x000000001dfa49f8 is an unknown value
RDI=0x000000001dfa4800 is a thread
R8 =0x00000000213c11b0 is an unknown value
R9 =0x000000000013073e is an unknown value
R10=0x0000000180003380 is an unknown value
R11=0x00000000263af1c0 is pointing into the stack for thread: 0x000000001dfa4800
R12=0x0000000000000000 is an unknown value
R13=0x000000000000000a is an unknown value
R14=0x00000000263af230 is pointing into the stack for thread: 0x000000001dfa4800
R15=0x000000001dfa4800 is a thread


Stack: [0x00000000262b0000,0x00000000263b0000],  sp=0x00000000263af080,  free space=1020k
Native frames: (J=compiled Java code, j=interpreted, Vv=VM code, C=native code)
V  [jvm.dll+0x14527e]
C  [jna8196489472648192292.dll+0x4255]
C  [jna8196489472648192292.dll+0x33e1]
C  0x0000000002fe6983

Java frames: (J=compiled Java code, j=interpreted, Vv=VM code)
J 4088  com.sun.jna.Pointer._getPointer(J)Lcom/sun/jna/Pointer; (0 bytes) @ 0x0000000002fe6901 [0x0000000002fe68c0+0x41]
J 4725 C2 com.sun.jna.Pointer.getValue(JLjava/lang/Class;Ljava/lang/Object;)Ljava/lang/Object; (1075 bytes) @ 0x00000000027cb154 [0x00000000027c9ec0+0x1294]
J 4635 C2 com.sun.jna.Function.invoke(Ljava/lang/Class;[Ljava/lang/Object;Ljava/util/Map;)Ljava/lang/Object; (526 bytes) @ 0x00000000031d4d88 [0x00000000031d36a0+0x16e8]
J 4737 C2 com.sun.jna.Library$Handler.invoke(Ljava/lang/Object;Ljava/lang/reflect/Method;[Ljava/lang/Object;)Ljava/lang/Object; (345 bytes) @ 0x0000000002834f94 [0x0000000002834ae0+0x4b4]
J 4763% C2 edsdk.utils.CanonCamera.dispatchMessages()V (231 bytes) @ 0x0000000002966ffc [0x0000000002966ce0+0x31c]
j  edsdk.utils.CanonCamera.access$0()V+0
j  edsdk.utils.CanonCamera$1.run()V+0
v  ~StubRoutines::call_stub

---------------  P R O C E S S  ---------------

Java Threads: ( => current thread )
  0x0000000021f1b000 JavaThread "Thread-7" daemon [_thread_in_native, id=47952, stack(0x000000002bb00000,0x000000002bc00000)]
  0x000000001dfa3000 JavaThread "SIGTERM handler" daemon [_thread_blocked, id=43524, stack(0x000000002ba00000,0x000000002bb00000)]
  0x000000001dfa9800 JavaThread "AWT-Shutdown" [_thread_blocked, id=35984, stack(0x000000002b900000,0x000000002ba00000)]
  0x000000001dfa8000 JavaThread "DestroyJavaVM" [_thread_blocked, id=17736, stack(0x00000000020b0000,0x00000000021b0000)]
  0x000000001dfa6800 JavaThread "Thread-8" daemon [_thread_in_native, id=42696, stack(0x0000000027750000,0x0000000027850000)]
  0x000000001dfa3800 JavaThread "AWT-Windows" daemon [_thread_in_native, id=41656, stack(0x0000000027650000,0x0000000027750000)]
  0x000000001dfa9000 JavaThread "Java2D Disposer" daemon [_thread_blocked, id=42156, stack(0x0000000027450000,0x0000000027550000)]
=>0x000000001dfa4800 JavaThread "Thread-6" [_thread_in_vm, id=41896, stack(0x00000000262b0000,0x00000000263b0000)]
  0x000000001dfa5000 JavaThread "MySQL Statement Cancellation Timer" daemon [_thread_blocked, id=42736, stack(0x0000000023450000,0x0000000023550000)]
  0x000000001de58800 JavaThread "Prism Font Disposer" daemon [_thread_blocked, id=42320, stack(0x00000000201b0000,0x00000000202b0000)]
  0x000000001d80f800 JavaThread "Thread-3" daemon [_thread_in_native, id=43004, stack(0x000000001dfc0000,0x000000001e0c0000)]
  0x0000000018b66800 JavaThread "Thread-1" daemon [_thread_blocked, id=41688, stack(0x0000000019030000,0x0000000019130000)]
  0x00000000187a8800 JavaThread "Service Thread" daemon [_thread_blocked, id=41056, stack(0x0000000018b80000,0x0000000018c80000)]
  0x0000000016e4c800 JavaThread "C1 CompilerThread2" daemon [_thread_blocked, id=18184, stack(0x0000000018680000,0x0000000018780000)]
  0x0000000016e3f000 JavaThread "C2 CompilerThread1" daemon [_thread_blocked, id=16460, stack(0x0000000018580000,0x0000000018680000)]
  0x0000000016e3c800 JavaThread "C2 CompilerThread0" daemon [_thread_blocked, id=30944, stack(0x0000000018480000,0x0000000018580000)]
  0x0000000016e3b800 JavaThread "Attach Listener" daemon [_thread_blocked, id=42048, stack(0x0000000018380000,0x0000000018480000)]
  0x0000000016e3a800 JavaThread "Signal Dispatcher" daemon [_thread_blocked, id=41212, stack(0x0000000018280000,0x0000000018380000)]
  0x0000000016e29800 JavaThread "Finalizer" daemon [_thread_blocked, id=42960, stack(0x0000000018090000,0x0000000018190000)]
  0x00000000022a2000 JavaThread "Reference Handler" daemon [_thread_blocked, id=12740, stack(0x0000000017f90000,0x0000000018090000)]

Other Threads:
  0x0000000016e06000 VMThread [stack: 0x0000000017e90000,0x0000000017f90000] [id=41368]
  0x00000000187bc000 WatcherThread [stack: 0x0000000018c80000,0x0000000018d80000] [id=41288]

VM state:not at safepoint (normal execution)

VM Mutex/Monitor currently owned by a thread: None

Heap:
 PSYoungGen      total 56320K, used 37450K [0x00000000d5d80000, 0x00000000da400000, 0x0000000100000000)
  eden space 45568K, 79% used [0x00000000d5d80000,0x00000000d80ed7c8,0x00000000d8a00000)
  from space 10752K, 10% used [0x00000000d9980000,0x00000000d9aa5210,0x00000000da400000)
  to   space 13312K, 0% used [0x00000000d8a00000,0x00000000d8a00000,0x00000000d9700000)
 ParOldGen       total 77312K, used 17759K [0x0000000081800000, 0x0000000086380000, 0x00000000d5d80000)
  object space 77312K, 22% used [0x0000000081800000,0x0000000082957e78,0x0000000086380000)
 Metaspace       used 34820K, capacity 35918K, committed 36352K, reserved 1081344K
  class space    used 4496K, capacity 4766K, committed 4864K, reserved 1048576K

Card table byte_map: [0x0000000011680000,0x0000000011a80000] byte_map_base: 0x0000000011274000

Marking Bits: (ParMarkBitMap*) 0x000000005ac2fc60
 Begin Bits: [0x0000000012130000, 0x00000000140d0000)
 End Bits:   [0x00000000140d0000, 0x0000000016070000)

Polling page: 0x0000000000500000

CodeCache: size=245760Kb used=14671Kb max_used=15392Kb free=231088Kb
 bounds [0x00000000022c0000, 0x0000000003200000, 0x00000000112c0000]
 total_blobs=5196 nmethods=4267 adapters=840
 compilation: enabled

Compilation events (10 events):
Event: 2229.403 Thread 0x0000000016e4c800 4766       3       java.util.IdentityHashMap::isEmpty (13 bytes)
Event: 2229.403 Thread 0x0000000016e4c800 nmethod 4766 0x00000000026cf510 code [0x00000000026cf660, 0x00000000026cf810]
Event: 2352.221 Thread 0x0000000016e4c800 4767       3       sun.awt.AWTAutoShutdown::getInstance (4 bytes)
Event: 2352.221 Thread 0x0000000016e4c800 nmethod 4767 0x00000000026f1c50 code [0x00000000026f1da0, 0x00000000026f1ed0]
Event: 2503.028 Thread 0x0000000016e4c800 4768       1       java.lang.Thread::getThreadGroup (5 bytes)
Event: 2503.028 Thread 0x0000000016e4c800 nmethod 4768 0x00000000026f2c10 code [0x00000000026f2d60, 0x00000000026f2e70]
Event: 2553.278 Thread 0x0000000016e3c800 4769   !   4       com.sun.jna.NativeMappedConverter::getInstance (52 bytes)
Event: 2553.304 Thread 0x0000000016e3c800 nmethod 4769 0x0000000002590b50 code [0x0000000002590d20, 0x0000000002591680]
Event: 2717.282 Thread 0x0000000016e3f000 4770   !   4       sun.reflect.GeneratedConstructorAccessor16::newInstance (49 bytes)
Event: 2717.289 Thread 0x0000000016e3f000 nmethod 4770 0x0000000002719310 code [0x0000000002719480, 0x0000000002719648]

GC Heap History (10 events):
Event: 34.483 GC heap before
{Heap before GC invocations=6 (full 1):
 PSYoungGen      total 51712K, used 19529K [0x00000000d5d80000, 0x00000000d9700000, 0x0000000100000000)
  eden space 46592K, 30% used [0x00000000d5d80000,0x00000000d6b978b8,0x00000000d8b00000)
  from space 5120K, 99% used [0x00000000d9200000,0x00000000d96fade0,0x00000000d9700000)
  to   space 5120K, 0% used [0x00000000d8d00000,0x00000000d8d00000,0x00000000d9200000)
 ParOldGen       total 75264K, used 13706K [0x0000000081800000, 0x0000000086180000, 0x00000000d5d80000)
  object space 75264K, 18% used [0x0000000081800000,0x00000000825628f8,0x0000000086180000)
 Metaspace       used 34288K, capacity 35294K, committed 35456K, reserved 1079296K
  class space    used 4434K, capacity 4688K, committed 4736K, reserved 1048576K
Event: 34.491 GC heap after
Heap after GC invocations=6 (full 1):
 PSYoungGen      total 53760K, used 5109K [0x00000000d5d80000, 0x00000000db200000, 0x0000000100000000)
  eden space 48640K, 0% used [0x00000000d5d80000,0x00000000d5d80000,0x00000000d8d00000)
  from space 5120K, 99% used [0x00000000d8d00000,0x00000000d91fd7e0,0x00000000d9200000)
  to   space 12288K, 0% used [0x00000000da600000,0x00000000da600000,0x00000000db200000)
 ParOldGen       total 75264K, used 16263K [0x0000000081800000, 0x0000000086180000, 0x00000000d5d80000)
  object space 75264K, 21% used [0x0000000081800000,0x00000000827e1c90,0x0000000086180000)
 Metaspace       used 34288K, capacity 35294K, committed 35456K, reserved 1079296K
  class space    used 4434K, capacity 4688K, committed 4736K, reserved 1048576K
}
Event: 34.491 GC heap before
{Heap before GC invocations=7 (full 2):
 PSYoungGen      total 53760K, used 5109K [0x00000000d5d80000, 0x00000000db200000, 0x0000000100000000)
  eden space 48640K, 0% used [0x00000000d5d80000,0x00000000d5d80000,0x00000000d8d00000)
  from space 5120K, 99% used [0x00000000d8d00000,0x00000000d91fd7e0,0x00000000d9200000)
  to   space 12288K, 0% used [0x00000000da600000,0x00000000da600000,0x00000000db200000)
 ParOldGen       total 75264K, used 16263K [0x0000000081800000, 0x0000000086180000, 0x00000000d5d80000)
  object space 75264K, 21% used [0x0000000081800000,0x00000000827e1c90,0x0000000086180000)
 Metaspace       used 34288K, capacity 35294K, committed 35456K, reserved 1079296K
  class space    used 4434K, capacity 4688K, committed 4736K, reserved 1048576K
Event: 34.547 GC heap after
Heap after GC invocations=7 (full 2):
 PSYoungGen      total 53760K, used 0K [0x00000000d5d80000, 0x00000000db200000, 0x0000000100000000)
  eden space 48640K, 0% used [0x00000000d5d80000,0x00000000d5d80000,0x00000000d8d00000)
  from space 5120K, 0% used [0x00000000d8d00000,0x00000000d8d00000,0x00000000d9200000)
  to   space 12288K, 0% used [0x00000000da600000,0x00000000da600000,0x00000000db200000)
 ParOldGen       total 77312K, used 17735K [0x0000000081800000, 0x0000000086380000, 0x00000000d5d80000)
  object space 77312K, 22% used [0x0000000081800000,0x0000000082951e78,0x0000000086380000)
 Metaspace       used 34288K, capacity 35294K, committed 35456K, reserved 1079296K
  class space    used 4434K, capacity 4688K, committed 4736K, reserved 1048576K
}
Event: 753.770 GC heap before
{Heap before GC invocations=8 (full 2):
 PSYoungGen      total 53760K, used 48640K [0x00000000d5d80000, 0x00000000db200000, 0x0000000100000000)
  eden space 48640K, 100% used [0x00000000d5d80000,0x00000000d8d00000,0x00000000d8d00000)
  from space 5120K, 0% used [0x00000000d8d00000,0x00000000d8d00000,0x00000000d9200000)
  to   space 12288K, 0% used [0x00000000da600000,0x00000000da600000,0x00000000db200000)
 ParOldGen       total 77312K, used 17735K [0x0000000081800000, 0x0000000086380000, 0x00000000d5d80000)
  object space 77312K, 22% used [0x0000000081800000,0x0000000082951e78,0x0000000086380000)
 Metaspace       used 34810K, capacity 35918K, committed 36352K, reserved 1081344K
  class space    used 4494K, capacity 4766K, committed 4864K, reserved 1048576K
Event: 753.773 GC heap after
Heap after GC invocations=8 (full 2):
 PSYoungGen      total 49152K, used 1204K [0x00000000d5d80000, 0x00000000da780000, 0x0000000100000000)
  eden space 47616K, 0% used [0x00000000d5d80000,0x00000000d5d80000,0x00000000d8c00000)
  from space 1536K, 78% used [0x00000000da600000,0x00000000da72d210,0x00000000da780000)
  to   space 13312K, 0% used [0x00000000d8d80000,0x00000000d8d80000,0x00000000d9a80000)
 ParOldGen       total 77312K, used 17743K [0x0000000081800000, 0x0000000086380000, 0x00000000d5d80000)
  object space 77312K, 22% used [0x0000000081800000,0x0000000082953e78,0x0000000086380000)
 Metaspace       used 34810K, capacity 35918K, committed 36352K, reserved 1081344K
  class space    used 4494K, capacity 4766K, committed 4864K, reserved 1048576K
}
Event: 1572.980 GC heap before
{Heap before GC invocations=9 (full 2):
 PSYoungGen      total 49152K, used 48820K [0x00000000d5d80000, 0x00000000da780000, 0x0000000100000000)
  eden space 47616K, 100% used [0x00000000d5d80000,0x00000000d8c00000,0x00000000d8c00000)
  from space 1536K, 78% used [0x00000000da600000,0x00000000da72d210,0x00000000da780000)
  to   space 13312K, 0% used [0x00000000d8d80000,0x00000000d8d80000,0x00000000d9a80000)
 ParOldGen       total 77312K, used 17743K [0x0000000081800000, 0x0000000086380000, 0x00000000d5d80000)
  object space 77312K, 22% used [0x0000000081800000,0x0000000082953e78,0x0000000086380000)
 Metaspace       used 34810K, capacity 35918K, committed 36352K, reserved 1081344K
  class space    used 4494K, capacity 4766K, committed 4864K, reserved 1048576K
Event: 1572.983 GC heap after
Heap after GC invocations=9 (full 2):
 PSYoungGen      total 48128K, used 1172K [0x00000000d5d80000, 0x00000000da680000, 0x0000000100000000)
  eden space 46592K, 0% used [0x00000000d5d80000,0x00000000d5d80000,0x00000000d8b00000)
  from space 1536K, 76% used [0x00000000d8d80000,0x00000000d8ea5210,0x00000000d8f00000)
  to   space 13312K, 0% used [0x00000000d9980000,0x00000000d9980000,0x00000000da680000)
 ParOldGen       total 77312K, used 17751K [0x0000000081800000, 0x0000000086380000, 0x00000000d5d80000)
  object space 77312K, 22% used [0x0000000081800000,0x0000000082955e78,0x0000000086380000)
 Metaspace       used 34810K, capacity 35918K, committed 36352K, reserved 1081344K
  class space    used 4494K, capacity 4766K, committed 4864K, reserved 1048576K
}
Event: 2352.012 GC heap before
{Heap before GC invocations=10 (full 2):
 PSYoungGen      total 48128K, used 47764K [0x00000000d5d80000, 0x00000000da680000, 0x0000000100000000)
  eden space 46592K, 100% used [0x00000000d5d80000,0x00000000d8b00000,0x00000000d8b00000)
  from space 1536K, 76% used [0x00000000d8d80000,0x00000000d8ea5210,0x00000000d8f00000)
  to   space 13312K, 0% used [0x00000000d9980000,0x00000000d9980000,0x00000000da680000)
 ParOldGen       total 77312K, used 17751K [0x0000000081800000, 0x0000000086380000, 0x00000000d5d80000)
  object space 77312K, 22% used [0x0000000081800000,0x0000000082955e78,0x0000000086380000)
 Metaspace       used 34811K, capacity 35918K, committed 36352K, reserved 1081344K
  class space    used 4494K, capacity 4766K, committed 4864K, reserved 1048576K
Event: 2352.017 GC heap after
Heap after GC invocations=10 (full 2):
 PSYoungGen      total 56320K, used 1172K [0x00000000d5d80000, 0x00000000da400000, 0x0000000100000000)
  eden space 45568K, 0% used [0x00000000d5d80000,0x00000000d5d80000,0x00000000d8a00000)
  from space 10752K, 10% used [0x00000000d9980000,0x00000000d9aa5210,0x00000000da400000)
  to   space 13312K, 0% used [0x00000000d8a00000,0x00000000d8a00000,0x00000000d9700000)
 ParOldGen       total 77312K, used 17759K [0x0000000081800000, 0x0000000086380000, 0x00000000d5d80000)
  object space 77312K, 22% used [0x0000000081800000,0x0000000082957e78,0x0000000086380000)
 Metaspace       used 34811K, capacity 35918K, committed 36352K, reserved 1081344K
  class space    used 4494K, capacity 4766K, committed 4864K, reserved 1048576K
}

Deoptimization events (10 events):
Event: 34.558 Thread 0x0000000018b43000 Uncommon trap: reason=unstable_if action=reinterpret pc=0x0000000002ae8b34 method=java.lang.ref.SoftReference.get()Ljava/lang/Object; @ 6
Event: 34.560 Thread 0x0000000018b43000 Uncommon trap: reason=unstable_if action=reinterpret pc=0x0000000003063510 method=java.lang.reflect.Constructor.newInstance([Ljava/lang/Object;)Ljava/lang/Object; @ 18
Event: 34.575 Thread 0x0000000018b43000 Uncommon trap: reason=class_check action=maybe_recompile pc=0x00000000031cfca4 method=sun.java2d.SunGraphics2D.fillRect(IIII)V @ 10
Event: 34.617 Thread 0x0000000018b43000 Uncommon trap: reason=class_check action=maybe_recompile pc=0x0000000002d42458 method=javafx.scene.Node.updateLocalToParentTransform()V @ 11
Event: 34.617 Thread 0x0000000018b43000 Uncommon trap: reason=bimorphic action=maybe_recompile pc=0x0000000002f4b8cc method=javafx.scene.Node.getGeomBounds(Lcom/sun/javafx/geom/BaseBounds;Lcom/sun/javafx/geom/transform/BaseTransform;)Lcom/sun/javafx/geom/BaseBounds; @ 1
Event: 34.619 Thread 0x0000000018b60800 Uncommon trap: reason=unstable_if action=reinterpret pc=0x000000000308d578 method=com.sun.javafx.geom.transform.AffineBase.isTranslateOrIdentity()Z @ 5
Event: 37.791 Thread 0x0000000018b43000 Uncommon trap: reason=bimorphic action=maybe_recompile pc=0x000000000312815c method=javafx.scene.Node.impl_pickNode(Lcom/sun/javafx/geom/PickRay;Lcom/sun/javafx/scene/input/PickResultChooser;)V @ 82
Event: 37.799 Thread 0x0000000018b43000 Uncommon trap: reason=bimorphic action=maybe_recompile pc=0x000000000312815c method=javafx.scene.Node.impl_pickNode(Lcom/sun/javafx/geom/PickRay;Lcom/sun/javafx/scene/input/PickResultChooser;)V @ 82
Event: 37.807 Thread 0x0000000018b43000 Uncommon trap: reason=bimorphic action=maybe_recompile pc=0x000000000312815c method=javafx.scene.Node.impl_pickNode(Lcom/sun/javafx/geom/PickRay;Lcom/sun/javafx/scene/input/PickResultChooser;)V @ 82
Event: 37.815 Thread 0x0000000018b43000 Uncommon trap: reason=bimorphic action=maybe_recompile pc=0x000000000312815c method=javafx.scene.Node.impl_pickNode(Lcom/sun/javafx/geom/PickRay;Lcom/sun/javafx/scene/input/PickResultChooser;)V @ 82

Internal exceptions (10 events):
Event: 4.072 Thread 0x0000000018b43000 Exception <a 'java/lang/ArrayIndexOutOfBoundsException'> (0x00000000d656c100) thrown at [C:\workspace\8-2-build-windows-amd64-cygwin\jdk8u102\6620.nc\hotspot\src\share\vm\runtime\sharedRuntime.cpp, line 605]
Event: 5.370 Thread 0x0000000018b43000 Exception <a 'java/lang/NoSuchMethodError': <clinit>> (0x00000000d731a9e0) thrown at [C:\workspace\8-2-build-windows-amd64-cygwin\jdk8u102\6620.nc\hotspot\src\share\vm\prims\jni.cpp, line 1591]
Event: 5.380 Thread 0x0000000018b43000 Exception <a 'java/lang/NoSuchMethodError': <clinit>> (0x00000000d7408320) thrown at [C:\workspace\8-2-build-windows-amd64-cygwin\jdk8u102\6620.nc\hotspot\src\share\vm\prims\jni.cpp, line 1591]
Event: 5.383 Thread 0x0000000018b43000 Exception <a 'java/lang/ArrayIndexOutOfBoundsException': 58> (0x00000000d7439310) thrown at [C:\workspace\8-2-build-windows-amd64-cygwin\jdk8u102\6620.nc\hotspot\src\share\vm\interpreter\interpreterRuntime.cpp, line 366]
Event: 5.389 Thread 0x0000000018b43000 Exception <a 'java/lang/ArrayIndexOutOfBoundsException': 78> (0x00000000d7467020) thrown at [C:\workspace\8-2-build-windows-amd64-cygwin\jdk8u102\6620.nc\hotspot\src\share\vm\interpreter\interpreterRuntime.cpp, line 366]
Event: 6.439 Thread 0x000000001dfa4800 Exception <a 'java/lang/UnsatisfiedLinkError': The specified procedure could not be found.
> (0x00000000d7aafd80) thrown at [C:\workspace\8-2-build-windows-amd64-cygwin\jdk8u102\6620.nc\hotspot\src\share\vm\prims\jni.cpp, line 735]
Event: 9.221 Thread 0x0000000018b43000 Exception <a 'java/io/FileNotFoundException'> (0x00000000d7be9640) thrown at [C:\workspace\8-2-build-windows-amd64-cygwin\jdk8u102\6620.nc\hotspot\src\share\vm\prims\jni.cpp, line 709]
Event: 24.216 Thread 0x0000000018b43000 Exception <a 'java/io/FileNotFoundException'> (0x00000000d5ddf020) thrown at [C:\workspace\8-2-build-windows-amd64-cygwin\jdk8u102\6620.nc\hotspot\src\share\vm\prims\jni.cpp, line 709]
Event: 34.101 Thread 0x0000000018b43000 Exception <a 'java/io/FileNotFoundException'> (0x00000000d6354e10) thrown at [C:\workspace\8-2-build-windows-amd64-cygwin\jdk8u102\6620.nc\hotspot\src\share\vm\prims\jni.cpp, line 709]
Event: 34.124 Thread 0x0000000018b43000 Exception <a 'java/io/FileNotFoundException'> (0x00000000d6378a60) thrown at [C:\workspace\8-2-build-windows-amd64-cygwin\jdk8u102\6620.nc\hotspot\src\share\vm\prims\jni.cpp, line 709]

Events (10 events):
Event: 2889.069 Thread 0x000000001dfa3000 Thread added: 0x000000001dfa3000
Event: 2889.070 loading class java/util/IdentityHashMap$KeyIterator
Event: 2889.070 loading class java/util/IdentityHashMap$KeyIterator done
Event: 2889.070 Thread 0x0000000021f1b000 Thread added: 0x0000000021f1b000
Event: 2889.071 Thread 0x0000000021f1f000 Thread added: 0x0000000021f1f000
Event: 2889.080 loading class java/util/Vector$Itr
Event: 2889.080 loading class java/util/Vector$Itr done
Event: 2889.082 Executing VM operation: RevokeBias
Event: 2889.082 Executing VM operation: RevokeBias done
Event: 2889.122 Thread 0x0000000021f1f000 Thread exited: 0x0000000021f1f000


Dynamic libraries:
0x00007ff6c94a0000 - 0x00007ff6c94d7000 	C:\Program Files\Java\jre1.8.0_102\bin\javaw.exe
0x00007ffdc6990000 - 0x00007ffdc6b51000 	C:\Windows\SYSTEM32\ntdll.dll
0x00007ffdc6560000 - 0x00007ffdc660d000 	C:\Windows\system32\KERNEL32.DLL
0x00007ffdc32b0000 - 0x00007ffdc3498000 	C:\Windows\system32\KERNELBASE.dll
0x00007ffdc68a0000 - 0x00007ffdc6947000 	C:\Windows\system32\ADVAPI32.dll
0x00007ffdc4390000 - 0x00007ffdc442d000 	C:\Windows\system32\msvcrt.dll
0x00007ffdc4490000 - 0x00007ffdc44eb000 	C:\Windows\system32\sechost.dll
0x00007ffdc4680000 - 0x00007ffdc479c000 	C:\Windows\system32\RPCRT4.dll
0x00007ffdc4220000 - 0x00007ffdc4376000 	C:\Windows\system32\USER32.dll
0x00007ffdc44f0000 - 0x00007ffdc4676000 	C:\Windows\system32\GDI32.dll
0x00007ffdaec50000 - 0x00007ffdaeec4000 	C:\Windows\WinSxS\amd64_microsoft.windows.common-controls_6595b64144ccf1df_6.0.10586.0_none_8c15ae12515e1c22\COMCTL32.dll
0x00007ffdc4810000 - 0x00007ffdc4a8d000 	C:\Windows\system32\combase.dll
0x00007ffdc3240000 - 0x00007ffdc32aa000 	C:\Windows\system32\bcryptPrimitives.dll
0x00007ffdc6950000 - 0x00007ffdc698b000 	C:\Windows\system32\IMM32.DLL
0x000000005a0c0000 - 0x000000005a192000 	C:\Program Files\Java\jre1.8.0_102\bin\msvcr100.dll
0x000000005a420000 - 0x000000005acae000 	C:\Program Files\Java\jre1.8.0_102\bin\server\jvm.dll
0x00007ffdc4b00000 - 0x00007ffdc4b08000 	C:\Windows\system32\PSAPI.DLL
0x00007ffdc16b0000 - 0x00007ffdc16d3000 	C:\Windows\SYSTEM32\WINMM.dll
0x00007ffdb74b0000 - 0x00007ffdb74ba000 	C:\Windows\SYSTEM32\VERSION.dll
0x00007ffdad5d0000 - 0x00007ffdad5d9000 	C:\Windows\SYSTEM32\WSOCK32.dll
0x00007ffdc47a0000 - 0x00007ffdc480b000 	C:\Windows\system32\WS2_32.dll
0x0000000002060000 - 0x000000000208c000 	C:\Windows\SYSTEM32\WINMMBASE.dll
0x00007ffdc31f0000 - 0x00007ffdc3233000 	C:\Windows\system32\cfgmgr32.dll
0x000000005a330000 - 0x000000005a33f000 	C:\Program Files\Java\jre1.8.0_102\bin\verify.dll
0x000000005a300000 - 0x000000005a329000 	C:\Program Files\Java\jre1.8.0_102\bin\java.dll
0x000000005a2e0000 - 0x000000005a2f6000 	C:\Program Files\Java\jre1.8.0_102\bin\zip.dll
0x00007ffdc4f40000 - 0x00007ffdc649c000 	C:\Windows\system32\SHELL32.dll
0x00007ffdc3740000 - 0x00007ffdc3d84000 	C:\Windows\system32\windows.storage.dll
0x00007ffdc4160000 - 0x00007ffdc41b2000 	C:\Windows\system32\shlwapi.dll
0x00007ffdc2fe0000 - 0x00007ffdc2fef000 	C:\Windows\system32\kernel.appcore.dll
0x00007ffdc3040000 - 0x00007ffdc30f5000 	C:\Windows\system32\shcore.dll
0x00007ffdc2ff0000 - 0x00007ffdc303b000 	C:\Windows\system32\powrprof.dll
0x00007ffdc2fb0000 - 0x00007ffdc2fc4000 	C:\Windows\system32\profapi.dll
0x00007ffda4430000 - 0x00007ffda451f000 	C:\Program Files\Java\jre1.8.0_102\bin\msvcr120.dll
0x00007ffda40a0000 - 0x00007ffda4146000 	C:\Program Files\Java\jre1.8.0_102\bin\msvcp120.dll
0x000000005b4b0000 - 0x000000005b4d2000 	C:\Program Files\Java\jre1.8.0_102\bin\prism_d3d.dll
0x00007ffda2c20000 - 0x00007ffda2e30000 	C:\Windows\system32\d3d9.dll
0x00007ffdc0f80000 - 0x00007ffdc0fa2000 	C:\Windows\SYSTEM32\dwmapi.dll
0x00007ffdc1930000 - 0x00007ffdc19c6000 	C:\Windows\system32\uxtheme.dll
0x00007ffdc4b10000 - 0x00007ffdc4f39000 	C:\Windows\system32\SETUPAPI.dll
0x00007ffdc3ee0000 - 0x00007ffdc3fa1000 	C:\Windows\system32\OLEAUT32.dll
0x00007ffdc3d90000 - 0x00007ffdc3ed3000 	C:\Windows\system32\ole32.dll
0x000000005b460000 - 0x000000005b4a3000 	C:\Program Files\Java\jre1.8.0_102\bin\glass.dll
0x00007ffdc6630000 - 0x00007ffdc673b000 	C:\Windows\system32\COMDLG32.dll
0x00007ffdc3160000 - 0x00007ffdc31e6000 	C:\Windows\system32\FirewallAPI.dll
0x00007ffdc3670000 - 0x00007ffdc3687000 	C:\Windows\system32\NETAPI32.dll
0x00007ffdae6a0000 - 0x00007ffdae6ac000 	C:\Windows\SYSTEM32\DAVHLPR.DLL
0x00007ffdc1d30000 - 0x00007ffdc1d62000 	C:\Windows\SYSTEM32\fwbase.dll
0x00007ffdc6740000 - 0x00007ffdc689a000 	C:\Windows\system32\MSCTF.dll
0x000000005a280000 - 0x000000005a294000 	C:\Program Files\Java\jre1.8.0_102\bin\javafx_font.dll
0x00007ffdb4d00000 - 0x00007ffdb4f60000 	C:\Windows\SYSTEM32\dwrite.dll
0x00007ffdc64b0000 - 0x00007ffdc6557000 	C:\Windows\system32\clbcatq.dll
0x00007ffdbfaa0000 - 0x00007ffdbfc51000 	C:\Windows\SYSTEM32\WindowsCodecs.dll
0x00007ffdaba70000 - 0x00007ffdababa000 	C:\Windows\system32\dataexchange.dll
0x00007ffdc1260000 - 0x00007ffdc1343000 	C:\Windows\system32\dcomp.dll
0x00007ffdbff30000 - 0x00007ffdc01d8000 	C:\Windows\system32\d3d11.dll
0x00007ffdbfe80000 - 0x00007ffdbff22000 	C:\Windows\system32\dxgi.dll
0x00007ffdc1ad0000 - 0x00007ffdc1bd0000 	C:\Windows\system32\twinapi.appcore.dll
0x00007ffdc2ee0000 - 0x00007ffdc2f09000 	C:\Windows\system32\bcrypt.dll
0x000000005a260000 - 0x000000005a271000 	C:\Program Files\Java\jre1.8.0_102\bin\prism_common.dll
0x000000005a2c0000 - 0x000000005a2da000 	C:\Program Files\Java\jre1.8.0_102\bin\net.dll
0x00007ffdc2880000 - 0x00007ffdc28dc000 	C:\Windows\system32\mswsock.dll
0x00007ffdc2930000 - 0x00007ffdc2947000 	C:\Windows\SYSTEM32\CRYPTSP.dll
0x00007ffdc25c0000 - 0x00007ffdc25f4000 	C:\Windows\system32\rsaenh.dll
0x00007ffdc2710000 - 0x00007ffdc272f000 	C:\Windows\SYSTEM32\USERENV.dll
0x00007ffdc2a50000 - 0x00007ffdc2a5b000 	C:\Windows\SYSTEM32\CRYPTBASE.dll
0x00007ffdbe450000 - 0x00007ffdbe488000 	C:\Windows\SYSTEM32\IPHLPAPI.DLL
0x00007ffdc64a0000 - 0x00007ffdc64a8000 	C:\Windows\system32\NSI.dll
0x00007ffdbe3b0000 - 0x00007ffdbe3c6000 	C:\Windows\SYSTEM32\dhcpcsvc6.DLL
0x00007ffdbe330000 - 0x00007ffdbe34a000 	C:\Windows\SYSTEM32\dhcpcsvc.DLL
0x000000005a2a0000 - 0x000000005a2b1000 	C:\Program Files\Java\jre1.8.0_102\bin\nio.dll
0x00007ffdb7bd0000 - 0x00007ffdb8115000 	C:\Windows\SYSTEM32\d2d1.dll
0x00007ffda4150000 - 0x00007ffda43bf000 	C:\Windows\SYSTEM32\D3D10Warp.dll
0x0000000180000000 - 0x0000000180037000 	C:\Users\USER\AppData\Local\Temp\jna8196489472648192292.dll
0x00000000261f0000 - 0x00000000262a8000 	C:\DLL\EDSDK_64\Dll\EDSDK.DLL
0x00007ffdb5950000 - 0x00007ffdb59a2000 	C:\Windows\SYSTEM32\STI.DLL
0x00007ffdc06c0000 - 0x00007ffdc0761000 	C:\Windows\System32\PortableDeviceApi.dll
0x00007ffdc19d0000 - 0x00007ffdc19f7000 	C:\Windows\SYSTEM32\DEVOBJ.dll
0x00007ffdc3100000 - 0x00007ffdc3155000 	C:\Windows\system32\WINTRUST.dll
0x00007ffdc2fd0000 - 0x00007ffdc2fe0000 	C:\Windows\system32\MSASN1.dll
0x00007ffdc34a0000 - 0x00007ffdc3668000 	C:\Windows\system32\CRYPT32.dll
0x00007ffda1f10000 - 0x00007ffda1f43000 	C:\Windows\System32\PortableDeviceTypes.dll
0x00007ffdc0db0000 - 0x00007ffdc0f36000 	C:\Windows\System32\PROPSYS.dll
0x0000000059f20000 - 0x000000005a0b8000 	C:\Program Files\Java\jre1.8.0_102\bin\awt.dll
0x00007ffdc17a0000 - 0x00007ffdc1819000 	C:\Windows\system32\apphelp.dll
0x000000005a210000 - 0x000000005a257000 	C:\Program Files\Java\jre1.8.0_102\bin\fontmanager.dll
0x00007ffdb59b0000 - 0x00007ffdb5a34000 	C:\Windows\SYSTEM32\WINSPOOL.DRV
0x0000000027850000 - 0x0000000027998000 	C:\Windows\system32\spool\DRIVERS\x64\3\ts#tsc-e.d64
0x000000007a900000 - 0x000000007ac2d000 	C:\Windows\system32\spool\DRIVERS\x64\3\ts#tsc-u.d64
0x00007ffda0c70000 - 0x00007ffda0d0c000 	C:\Windows\SYSTEM32\riched20.dll
0x00007ffdb2c00000 - 0x00007ffdb2c3a000 	C:\Windows\SYSTEM32\msls31.dll
0x00007ffdb4c30000 - 0x00007ffdb4c48000 	C:\Windows\SYSTEM32\USP10.dll
0x00007ffda08b0000 - 0x00007ffda0941000 	C:\Windows\SYSTEM32\mscms.dll
0x0000000059ed0000 - 0x0000000059f12000 	C:\Program Files\Java\jre1.8.0_102\bin\t2k.dll
0x000000005a1e0000 - 0x000000005a203000 	C:\Program Files\Java\jre1.8.0_102\bin\javafx_iio.dll
0x00007ffda02d0000 - 0x00007ffda045c000 	C:\Windows\SYSTEM32\dbghelp.dll

VM Arguments:
jvm_args: -Dfile.encoding=Cp1252 
java_command: Rapid.Main
java_class_path (initial): D:\Rapid\workspace-sts-3.7.3.RELEASE\Rapid\src;D:\sts-bundle\sts-3.7.3.RELEASE\plugins\org.eclipse.fx.ide.css.jfx8_2.1.0.201508240705.jar;D:\Rapid\workspace-sts-3.7.3.RELEASE\Rapid\lib\barcode\core-3.2.1.jar;D:\Rapid\workspace-sts-3.7.3.RELEASE\Rapid\lib\barcode\itext-1.4.6.jar;D:\Rapid\workspace-sts-3.7.3.RELEASE\Rapid\lib\camera\bridj-0.6.2.jar;D:\Rapid\workspace-sts-3.7.3.RELEASE\Rapid\lib\camera\slf4j-api-1.7.2.jar;D:\Rapid\workspace-sts-3.7.3.RELEASE\Rapid\lib\camera\webcam-capture-0.3.10.jar;D:\Rapid\workspace-sts-3.7.3.RELEASE\Rapid\lib\hibernate\antlr-2.7.6.jar;D:\Rapid\workspace-sts-3.7.3.RELEASE\Rapid\lib\hibernate\c3p0-0.9.1.jar;D:\Rapid\workspace-sts-3.7.3.RELEASE\Rapid\lib\hibernate\commons-collections-3.1.jar;D:\Rapid\workspace-sts-3.7.3.RELEASE\Rapid\lib\hibernate\dom4j-1.6.1.jar;D:\Rapid\workspace-sts-3.7.3.RELEASE\Rapid\lib\hibernate\hibernate-jpa-2.0-api-1.0.0.Final.jar;D:\Rapid\workspace-sts-3.7.3.RELEASE\Rapid\lib\hibernate\hibernate3.jar;D:\Rapid\workspace-sts-3.7.3.RELEASE\Rapid\lib\hibernate\javassist-3.12.0.GA.jar;D:\Rapid\workspace-sts-3.7.3.RELEASE\Rapid\lib\hibernate\jta-1.1.jar;D:\Rapid\workspace-sts-3.7.3.RELEASE\Rapid\lib\hibernate\mchange-commons-java-0.2.3.1.jar;D:\Rapid\workspace-sts-3.7.3.RELEASE\Rapid\lib\hibernate\mysql-connector-java-5.1.6-bin.jar;D:\Rapid\workspace-sts-3.7.3.RELEASE\Rapid\lib\hibernate\ojdbc14.jar;D:\Rapid\workspace-sts-3.7.3.RELEASE\Rapid\lib\hibernate\slf4j-api-1.6.1.jar;D:\Rapid\workspace-sts-3.7.3.RELEASE\Rapid\lib\sun.misc.BASE64Decoder.jar;D:\Rapid\workspace-sts-3.7.3.RELEASE\Rapid\lib\Tpb.jar;D:\Rapid\workspace-sts-3.7.3.RELEASE\Rapid\lib\jna\jna.jar;D:\Rapid\workspace-sts-3.7.3.RELEASE\Rapid\lib\jna\jnaerator-0.9.5.jar;D:\Rapid\workspace-sts-3.7.3.RELEASE\Rapid\lib\jna\platform.jar;D:\Rapid\workspace-sts-3.7.3.RELEASE\Rapid\lib\email\java-mail-1.4.4.jar;D:\Rapid\workspace-sts-3.7.3.RELEASE\Rapid\lib\excel\commons-codec-1.9.jar;D:\Rapid\workspace-sts-3.7.3.RELEASE\Rapid\lib\ex
Launcher Type: SUN_STANDARD

Environment Variables:
PATH=C:/Program Files/Java/jre1.8.0_102/bin/server;C:/Program Files/Java/jre1.8.0_102/bin;C:/Program Files/Java/jre1.8.0_102/lib/amd64;C:\ProgramData\Oracle\Java\javapath;C:\Program Files (x86)\Intel\TXE Components\TCS\;C:\Program Files\Intel\TXE Components\TCS\;C:\Windows\system32;C:\Windows;C:\Windows\System32\Wbem;C:\Windows\System32\WindowsPowerShell\v1.0\;C:\Program Files (x86)\Common Files\Reallusion\CamSuite;C:\Program Files\Intel\Intel(R) Management Engine Components\DAL;C:\Program Files (x86)\Intel\Intel(R) Management Engine Components\DAL;C:\Program Files\Intel\Intel(R) Management Engine Components\IPT;C:\Program Files (x86)\Intel\Intel(R) Management Engine Components\IPT;D:\sts-bundle\sts-3.7.3.RELEASE;
USERNAME=USER
OS=Windows_NT
PROCESSOR_IDENTIFIER=Intel64 Family 6 Model 60 Stepping 3, GenuineIntel



---------------  S Y S T E M  ---------------

OS: Windows 10.0 , 64 bit Build 10586 (10.0.10586.0)

CPU:total 4 (2 cores per cpu, 2 threads per core) family 6 model 60 stepping 3, cmov, cx8, fxsr, mmx, sse, sse2, sse3, ssse3, sse4.1, sse4.2, popcnt, avx, avx2, aes, clmul, erms, lzcnt, ht, tsc, tscinvbit, bmi1, bmi2

Memory: 4k page, physical 8286416k(3728660k free), swap 9597136k(3357044k free)

vm_info: Java HotSpot(TM) 64-Bit Server VM (25.102-b01) for windows-amd64 JRE (1.8.0_102-ea-b01), built on Mar 29 2016 17:16:36 by "java_re" with MS VC++ 10.0 (VS2010)

time: Tue Jun 14 01:41:54 2016
elapsed time: 2889 seconds (0d 0h 48m 9s)

